<?xml version="1.0" encoding="UTF-8"?>
<beans xmlns="http://www.springframework.org/schema/beans"
	xmlns:xsi="http://www.w3.org/2001/XMLSchema-instance"
	xmlns:context="http://www.springframework.org/schema/context"
	xsi:schemaLocation="http://www.springframework.org/schema/beans http://www.springframework.org/schema/beans/spring-beans-3.2.xsd
		http://www.springframework.org/schema/util http://www.springframework.org/schema/util/spring-util-3.2.xsd
		http://www.springframework.org/schema/context http://www.springframework.org/schema/context/spring-context-3.2.xsd">

	<context:component-scan base-package="com.htmlhifive.testexplorer.api"/>
	<bean id="mockTestExecutionRepository" class="com.htmlhifive.testexplorer.api.MockFactory">
		<constructor-arg value="com.htmlhifive.testexplorer.entity.TestExecutionRepository" />
	</bean>
	<bean id="mockScreenshotRepository" class="com.htmlhifive.testexplorer.api.MockFactory">
		<constructor-arg value="com.htmlhifive.testexplorer.entity.ScreenshotRepository" />
	</bean>
	<bean id="mockConfigRepository" class="com.htmlhifive.testexplorer.api.MockFactory">
		<constructor-arg value="com.htmlhifive.testexplorer.entity.ConfigRepository" />
	</bean>
	<bean id="mockHttpServlet" class="org.springframework.mock.web.MockHttpServletRequest">
	</bean>
</beans>
